C51 COMPILER V9.60.0.0   PROJETO1_1                                                        08/31/2020 14:12:20 PAGE 1   


C51 COMPILER V9.60.0.0, COMPILATION OF MODULE PROJETO1_1
OBJECT MODULE PLACED IN .\Objects\Projeto1_1.obj
COMPILER INVOKED BY: C:\Keil_v5\C51\BIN\C51.EXE C\Projeto1_1.c OPTIMIZE(8,SPEED) BROWSE DEBUG OBJECTEXTEND PRINT(.\Listi
                    -ngs\Projeto1_1.lst) TABS(2) OBJECT(.\Objects\Projeto1_1.obj)

line level    source

   1          #include <REG51F.H>
   2          
   3          sbit C1 = P2^0;
   4          sbit C2 = P2^1;
   5          
   6          int main(){ 
   7   1        
   8   1        while(1){
   9   2          if(C1 == 1){
  10   3            P1 = (P1 & 0xF0) | (P0 & 0x0F); // P1 high é mantido, or com P0L copia P0L para P1L
  11   3          }
  12   2          else {
  13   3            P0 = P0 & 0xF0;
  14   3          }
  15   2          
  16   2          if(C2 == 1){
  17   3            P1 = (P1 & 0x0F) | (P0 & 0xF0); // o mesmo que o anterior, mas copia P0H para P1H
  18   3          }
  19   2          else{
  20   3            P0 = P0 & 0x0F;
  21   3          }
  22   2        }
  23   1        
  24   1      }


MODULE INFORMATION:   STATIC OVERLAYABLE
   CODE SIZE        =     42    ----
   CONSTANT SIZE    =   ----    ----
   XDATA SIZE       =   ----    ----
   PDATA SIZE       =   ----    ----
   DATA SIZE        =   ----    ----
   IDATA SIZE       =   ----    ----
   BIT SIZE         =   ----    ----
END OF MODULE INFORMATION.


C51 COMPILATION COMPLETE.  0 WARNING(S),  0 ERROR(S)
