C51 COMPILER V9.60.0.0   PROJETO2_1                                                        10/19/2020 08:27:38 PAGE 1   


C51 COMPILER V9.60.0.0, COMPILATION OF MODULE PROJETO2_1
OBJECT MODULE PLACED IN .\Objects\projeto2_1.obj
COMPILER INVOKED BY: C:\Keil_v5\C51\BIN\C51.EXE C\projeto2_1.c OPTIMIZE(8,SPEED) BROWSE DEBUG OBJECTEXTEND PRINT(.\Listi
                    -ngs\projeto2_1.lst) TABS(2) OBJECT(.\Objects\projeto2_1.obj)

line level    source

   1          #include <REG51F.H>
   2          
   3          #define RANGE 12000
   4          
   5          sbit c1 = P2^0;
   6          sbit c2 = P2^1;
   7          
   8          void main(){
   9   1        char state = 0;
  10   1        char state2 = 0;
  11   1        int count = 0;
  12   1        int count2 = 0;
  13   1        bit flag = 0;
  14   1        bit flag2 = 0;
  15   1        P1 = P1 & 0x00;
  16   1        
  17   1        while(1){
  18   2          
  19   2          switch(state){
  20   3            case 0:
  21   3              if(!c1){
  22   4                flag = 1;
  23   4              }
  24   3              if(flag && c1){
  25   4                flag = 0;
  26   4                P1 = (P1 & 0xF0) | (P0 & 0x0F);
  27   4                state++;
  28   4              }
  29   3            break;
  30   3            
  31   3            case 1:
  32   3              if(count++>RANGE){
  33   4                P1 = P1 & 0xF0;
  34   4                state = 0;
  35   4                count = 0;
  36   4              }
  37   3            break;
  38   3            
  39   3            default:
  40   3              state = 0;
  41   3            break;
  42   3          }
  43   2          
  44   2          switch(state2){
  45   3            case 0:
  46   3              if(!c2){
  47   4                flag2 = 1;
  48   4              }
  49   3              if(flag2 && c2){
  50   4                flag2 = 0;
  51   4                P1 = (P1 & 0x0F) | (P0 & 0xF0);
  52   4                state2++;
  53   4              }
  54   3            break;
C51 COMPILER V9.60.0.0   PROJETO2_1                                                        10/19/2020 08:27:38 PAGE 2   

  55   3            
  56   3            case 1:
  57   3              if(count2++>RANGE){
  58   4                P1 = P1 & 0x0F;
  59   4                state2 = 0;
  60   4                count2 = 0;
  61   4              }
  62   3            break;
  63   3            
  64   3            default:
  65   3              state2 = 0;
  66   3            break;
  67   3          }
  68   2          
  69   2        }
  70   1        
  71   1      }


MODULE INFORMATION:   STATIC OVERLAYABLE
   CODE SIZE        =    152    ----
   CONSTANT SIZE    =   ----    ----
   XDATA SIZE       =   ----    ----
   PDATA SIZE       =   ----    ----
   DATA SIZE        =   ----    ----
   IDATA SIZE       =   ----    ----
   BIT SIZE         =   ----       2
END OF MODULE INFORMATION.


C51 COMPILATION COMPLETE.  0 WARNING(S),  0 ERROR(S)
