C51 COMPILER V9.60.0.0   PROJETO2                                                          09/04/2020 20:35:01 PAGE 1   


C51 COMPILER V9.60.0.0, COMPILATION OF MODULE PROJETO2
OBJECT MODULE PLACED IN .\Objects\Projeto2.obj
COMPILER INVOKED BY: C:\Keil_v5\C51\BIN\C51.EXE C\Projeto2.c OPTIMIZE(8,SPEED) BROWSE DEBUG OBJECTEXTEND PRINT(.\Listing
                    -s\Projeto2.lst) TABS(2) OBJECT(.\Objects\Projeto2.obj)

line level    source

   1          #include <REG51F.H>
   2          
   3          sbit C1 = P2^0;
   4          sbit C2 = P2^1;
   5          
   6          void delay(int sec)
   7          {
   8   1      int count=0;
   9   1       while(count<=16*sec) // sec = number of seconds of delay
  10   1        {
  11   2         TMOD=0x01;  // 16-bit timer0 selected
  12   2         TH0=0x1F;   // Loading high byte in TH
  13   2         TL0=0x00;   // Loaded low byte in TL
  14   2         TR0=1;      // Running the timer
  15   2          while(!TF0);   //Checking the timer flag register if it is not equal to 1 
  16   2         TR0 = 0;      // If TF0=1 stop the timer
  17   2         TF0 = 0;      // Clear the Timer Flag bit for next calculation
  18   2      
  19   2         count++;
  20   2        }
  21   1      }
  22          
  23          void main(){
  24   1        
  25   1        int C1a = C1; // C1a is the old C1
  26   1        int C2a = C2; // C2a is the old C2
  27   1        
  28   1        while(1){
  29   2          if(C1 == 1 && C1 != C1a){ // 
  30   3            P1 = (P1 & 0xF0) | (P0 & 0x0F); // P1 high é mantido, or com P0L copia P0L para P1L
  31   3          }
  32   2          else {
  33   3            delay(1);
  34   3            P0 = P0 & 0xF0;
  35   3          }
  36   2          
  37   2          if(C2 == 1 && C2 != C2a){ // 
  38   3            P1 = (P1 & 0x0F) | (P0 & 0xF0); // o mesmo que o anterior, mas copia P0H para P1H
  39   3          }
  40   2          else{
  41   3            delay(1);
  42   3            P0 = P0 & 0x0F;
  43   3          }
  44   2          
  45   2          C1a = C1;
  46   2          C2a = C2;
  47   2        }
  48   1        
  49   1      }


MODULE INFORMATION:   STATIC OVERLAYABLE
   CODE SIZE        =    176    ----
   CONSTANT SIZE    =   ----    ----
C51 COMPILER V9.60.0.0   PROJETO2                                                          09/04/2020 20:35:01 PAGE 2   

   XDATA SIZE       =   ----    ----
   PDATA SIZE       =   ----    ----
   DATA SIZE        =   ----       4
   IDATA SIZE       =   ----    ----
   BIT SIZE         =   ----    ----
END OF MODULE INFORMATION.


C51 COMPILATION COMPLETE.  0 WARNING(S),  0 ERROR(S)
