C51 COMPILER V9.60.0.0   PROJETO1                                                          08/31/2020 13:33:13 PAGE 1   


C51 COMPILER V9.60.0.0, COMPILATION OF MODULE PROJETO1
OBJECT MODULE PLACED IN .\Objects\Projeto1.obj
COMPILER INVOKED BY: C:\Keil_v5\C51\BIN\C51.EXE C\Projeto1.c OPTIMIZE(8,SPEED) BROWSE DEBUG OBJECTEXTEND PRINT(.\Listing
                    -s\Projeto1.lst) TABS(2) OBJECT(.\Objects\Projeto1.obj)

line level    source

   1          #include <REGX51.H>
   2          
   3          void main()
   4          {
   5   1        // turned on LEDs
   6   1        
   7   1        P0 = 0;
   8   1        
   9   1        while(1)
  10   1        {
  11   2          if (C2 == 1)
*** ERROR C202 IN LINE 11 OF C\Projeto1.c: 'C2': undefined identifier
  12   2          {
  13   3            P1H = P0H;
*** ERROR C202 IN LINE 13 OF C\Projeto1.c: 'P1H': undefined identifier
  14   3          } else 
  15   2          {
  16   3            P1H = 0;
*** ERROR C202 IN LINE 16 OF C\Projeto1.c: 'P1H': undefined identifier
  17   3          }
  18   2          
  19   2          if (C1 == 1)
*** ERROR C202 IN LINE 19 OF C\Projeto1.c: 'C1': undefined identifier
  20   2          {
  21   3            P1L = P0L;
*** ERROR C202 IN LINE 21 OF C\Projeto1.c: 'P1L': undefined identifier
  22   3          } else 
  23   2          {
  24   3            P1L = 0;
*** ERROR C202 IN LINE 24 OF C\Projeto1.c: 'P1L': undefined identifier
  25   3          }
  26   2          
  27   2        }// endless loop end
  28   1        
  29   1      }// main end

C51 COMPILATION COMPLETE.  0 WARNING(S),  6 ERROR(S)
